<?xml version="1.0" encoding="UTF-8"?>
<testng-results skipped="0" failed="0" ignored="0" total="3" passed="3">
  <reporter-output>
  </reporter-output>
  <suite name="Default suite" duration-ms="152743" started-at="2019-10-11T09:58:29Z" finished-at="2019-10-11T10:01:02Z">
    <groups>
    </groups>
    <test name="Default test" duration-ms="152743" started-at="2019-10-11T09:58:29Z" finished-at="2019-10-11T10:01:02Z">
      <class name="Test_Scripts.Main_Test_Script">
        <test-method status="PASS" signature="SetUp()[pri:0, instance:Test_Scripts.Main_Test_Script@6eebc39e]" name="SetUp" is-config="true" duration-ms="34118" started-at="2019-10-11T09:58:29Z" finished-at="2019-10-11T09:59:03Z">
          <reporter-output>
          </reporter-output>
        </test-method> <!-- SetUp -->
        <test-method status="PASS" signature="Set_Excel()[pri:0, instance:Test_Scripts.Main_Test_Script@6eebc39e]" name="Set_Excel" duration-ms="5926" started-at="2019-10-11T09:59:03Z" finished-at="2019-10-11T09:59:09Z">
          <reporter-output>
          </reporter-output>
        </test-method> <!-- Set_Excel -->
        <test-method status="PASS" signature="Login()[pri:1, instance:Test_Scripts.Main_Test_Script@6eebc39e]" name="Login" duration-ms="18126" started-at="2019-10-11T09:59:09Z" finished-at="2019-10-11T09:59:27Z">
          <reporter-output>
          </reporter-output>
        </test-method> <!-- Login -->
        <test-method status="PASS" signature="createopprt()[pri:2, instance:Test_Scripts.Main_Test_Script@6eebc39e]" name="createopprt" duration-ms="94267" started-at="2019-10-11T09:59:27Z" finished-at="2019-10-11T10:01:02Z">
          <reporter-output>
          </reporter-output>
        </test-method> <!-- createopprt -->
      </class> <!-- Test_Scripts.Main_Test_Script -->
    </test> <!-- Default test -->
  </suite> <!-- Default suite -->
</testng-results>
